<?xml version="1.0" encoding="UTF-8"?>
<!-- Generated by org.testng.reporters.JUnitReportReporter -->
<testsuite skipped="0" hostname="Usernames-MacBook-Air.local" name="com.testing.Tests.TestCases" tests="3" failures="0" timestamp="2020-06-16T23:32:31 PDT" time="20.885" errors="0">
  <testcase name="LoginWithInvalid" time="4.925" classname="com.testing.Tests.TestCases"/>
  <system-out/>
  <testcase name="LoginWithvalid" time="4.800" classname="com.testing.Tests.TestCases"/>
  <system-out/>
  <testcase name="Homepage" time="11.160" classname="com.testing.Tests.TestCases"/>
  <system-out/>
</testsuite> <!-- com.testing.Tests.TestCases -->
