<?xml version="1.0" encoding="UTF-8"?>
<!-- Generated by org.testng.reporters.JUnitReportReporter -->
<testsuite skipped="0" hostname="Usernames-MacBook-Air.local" name="com.testing.POMTests.TestCase" tests="3" failures="0" timestamp="2020-06-16T21:27:41 PDT" time="21.516" errors="0">
  <testcase name="LoginWithInvalid" time="5.382" classname="com.testing.POMTests.TestCase"/>
  <system-out/>
  <testcase name="LoginWithvalid" time="7.102" classname="com.testing.POMTests.TestCase"/>
  <system-out/>
  <testcase name="Homepage" time="9.032" classname="com.testing.POMTests.TestCase"/>
  <system-out/>
</testsuite> <!-- com.testing.POMTests.TestCase -->
